============================= test session starts ==============================
platform linux -- Python 3.12.0, pytest-8.0.0, pluggy-1.3.0
rootdir: /home/user/myproject
configfile: pyproject.toml
plugins: cov-4.1.0, mock-3.12.0
collected 15 items

tests/test_core.py::test_init PASSED
tests/test_core.py::test_run PASSED
tests/test_core.py::test_stop PASSED
tests/test_api.py::test_get_users PASSED
tests/test_api.py::test_create_user PASSED
tests/test_api.py::test_delete_user FAILED
tests/test_models.py::test_user_model PASSED
tests/test_models.py::test_product_model PASSED

FAILED tests/test_api.py::test_delete_user - AssertionError: 403 != 200

========================= 1 failed, 7 passed in 2.34s =========================
